0 verbose cli /home/adduser/.nvm/versions/node/v18.18.2/bin/node /home/adduser/.nvm/versions/node/v18.18.2/bin/npm
1 info using npm@9.8.1
2 info using node@v18.18.2
3 timing npm:load:whichnode Completed in 3ms
4 timing config:load:defaults Completed in 2ms
5 timing config:load:file:/home/adduser/.nvm/versions/node/v18.18.2/lib/node_modules/npm/npmrc Completed in 2ms
6 timing config:load:builtin Completed in 3ms
7 timing config:load:cli Completed in 2ms
8 timing config:load:env Completed in 0ms
9 timing config:load:file:/home/adduser/Dark/.npmrc Completed in 0ms
10 timing config:load:project Completed in 7ms
11 timing config:load:file:/home/adduser/.npmrc Completed in 0ms
12 timing config:load:user Completed in 0ms
13 timing config:load:file:/home/adduser/.nvm/versions/node/v18.18.2/etc/npmrc Completed in 0ms
14 timing config:load:global Completed in 0ms
15 timing config:load:setEnvs Completed in 1ms
16 timing config:load Completed in 16ms
17 timing npm:load:configload Completed in 16ms
18 timing config:load:flatten Completed in 3ms
19 timing npm:load:mkdirpcache Completed in 0ms
20 timing npm:load:mkdirplogs Completed in 0ms
21 verbose title npm i @parcel/transformer-inline-string
22 verbose argv "i" "@parcel/transformer-inline-string"
23 timing npm:load:setTitle Completed in 1ms
24 timing npm:load:display Completed in 0ms
25 verbose logfile logs-max:10 dir:/home/adduser/.npm/_logs/2023-10-18T16_18_56_005Z-
26 verbose logfile /home/adduser/.npm/_logs/2023-10-18T16_18_56_005Z-debug-0.log
27 timing npm:load:logFile Completed in 10ms
28 timing npm:load:timers Completed in 0ms
29 timing npm:load:configScope Completed in 1ms
30 timing npm:load Completed in 52ms
31 timing arborist:ctor Completed in 1ms
32 silly logfile start cleaning logs, removing 1 files
33 silly logfile done cleaning log files
34 timing idealTree:init Completed in 150ms
35 timing idealTree:userRequests Completed in 1ms
36 silly idealTree buildDeps
37 silly fetch manifest @parcel/transformer-inline-string@*
38 timing arborist:ctor Completed in 0ms
39 http fetch GET 200 https://registry.npmjs.org/@parcel%2ftransformer-inline-string 1439ms (cache miss)
40 silly placeDep ROOT @parcel/transformer-inline-string@2.10.0 OK for: darker@1.0.0 want: *
41 timing idealTree:#root Completed in 1452ms
42 timing idealTree:node_modules/@parcel/transformer-inline-string Completed in 0ms
43 timing idealTree:buildDeps Completed in 1454ms
44 timing idealTree:fixDepFlags Completed in 2ms
45 timing idealTree Completed in 1612ms
46 timing reify:loadTrees Completed in 1613ms
47 timing reify:diffTrees Completed in 8ms
48 silly reify mark retired [
48 silly reify   '/home/adduser/Dark/node_modules/browserslist',
48 silly reify   '/home/adduser/Dark/node_modules/.bin/browserslist'
48 silly reify ]
49 silly reify moves {
49 silly reify   '/home/adduser/Dark/node_modules/browserslist': '/home/adduser/Dark/node_modules/.browserslist-bouK81uS',
49 silly reify   '/home/adduser/Dark/node_modules/.bin/browserslist': '/home/adduser/Dark/node_modules/.bin/.browserslist-F8rWfDSW'
49 silly reify }
50 timing reify:retireShallow Completed in 6ms
51 timing reify:createSparse Completed in 6ms
52 timing reify:loadBundles Completed in 0ms
53 silly audit bulk request {
53 silly audit   '@babel/code-frame': [ '7.22.13' ],
53 silly audit   'ansi-styles': [ '3.2.1', '4.3.0' ],
53 silly audit   chalk: [ '2.4.2', '4.1.2' ],
53 silly audit   'color-convert': [ '1.9.3', '2.0.1' ],
53 silly audit   'color-name': [ '1.1.3', '1.1.4' ],
53 silly audit   'has-flag': [ '3.0.0', '4.0.0' ],
53 silly audit   'supports-color': [ '5.5.0', '7.2.0' ],
53 silly audit   '@babel/helper-validator-identifier': [ '7.22.20' ],
53 silly audit   '@babel/highlight': [ '7.22.20' ],
53 silly audit   '@lezer/common': [ '1.1.0' ],
53 silly audit   '@lezer/lr': [ '1.3.13' ],
53 silly audit   '@lmdb/lmdb-darwin-arm64': [ '2.8.5' ],
53 silly audit   '@lmdb/lmdb-darwin-x64': [ '2.8.5' ],
53 silly audit   '@lmdb/lmdb-linux-arm': [ '2.8.5' ],
53 silly audit   '@lmdb/lmdb-linux-arm64': [ '2.8.5' ],
53 silly audit   '@lmdb/lmdb-linux-x64': [ '2.8.5' ],
53 silly audit   '@lmdb/lmdb-win32-x64': [ '2.8.5' ],
53 silly audit   '@mischnic/json-sourcemap': [ '0.1.1' ],
53 silly audit   '@msgpackr-extract/msgpackr-extract-darwin-arm64': [ '3.0.2' ],
53 silly audit   '@msgpackr-extract/msgpackr-extract-darwin-x64': [ '3.0.2' ],
53 silly audit   '@msgpackr-extract/msgpackr-extract-linux-arm': [ '3.0.2' ],
53 silly audit   '@msgpackr-extract/msgpackr-extract-linux-arm64': [ '3.0.2' ],
53 silly audit   '@msgpackr-extract/msgpackr-extract-linux-x64': [ '3.0.2' ],
53 silly audit   '@msgpackr-extract/msgpackr-extract-win32-x64': [ '3.0.2' ],
53 silly audit   '@parcel/bundler-default': [ '2.10.0' ],
53 silly audit   '@parcel/cache': [ '2.10.0' ],
53 silly audit   '@parcel/codeframe': [ '2.10.0' ],
53 silly audit   '@parcel/compressor-raw': [ '2.10.0' ],
53 silly audit   '@parcel/config-default': [ '2.10.0' ],
53 silly audit   '@parcel/core': [ '2.10.0' ],
53 silly audit   '@parcel/diagnostic': [ '2.10.0' ],
53 silly audit   '@parcel/events': [ '2.10.0' ],
53 silly audit   '@parcel/fs': [ '2.10.0' ],
53 silly audit   '@parcel/graph': [ '3.0.0' ],
53 silly audit   '@parcel/logger': [ '2.10.0' ],
53 silly audit   '@parcel/markdown-ansi': [ '2.10.0' ],
53 silly audit   '@parcel/namer-default': [ '2.10.0' ],
53 silly audit   '@parcel/node-resolver-core': [ '3.1.0' ],
53 silly audit   '@parcel/optimizer-css': [ '2.10.0' ],
53 silly audit   '@parcel/optimizer-htmlnano': [ '2.10.0' ],
53 silly audit   'css-select': [ '4.3.0', '5.1.0' ],
53 silly audit   'css-tree': [ '1.1.3', '2.3.1', '2.2.1' ],
53 silly audit   csso: [ '4.2.0', '5.0.5' ],
53 silly audit   'mdn-data': [ '2.0.14', '2.0.28', '2.0.30' ],
53 silly audit   svgo: [ '2.8.0', '3.0.2' ],
53 silly audit   '@parcel/optimizer-image': [ '2.10.0' ],
53 silly audit   '@parcel/optimizer-svgo': [ '2.10.0' ],
53 silly audit   '@parcel/optimizer-swc': [ '2.10.0' ],
53 silly audit   '@parcel/package-manager': [ '2.10.0' ],
53 silly audit   '@parcel/packager-css': [ '2.10.0' ],
53 silly audit   '@parcel/packager-html': [ '2.10.0' ],
53 silly audit   '@parcel/packager-js': [ '2.10.0' ],
53 silly audit   '@parcel/packager-raw': [ '2.10.0' ],
53 silly audit   '@parcel/packager-svg': [ '2.10.0' ],
53 silly audit   '@parcel/packager-wasm': [ '2.10.0' ],
53 silly audit   '@parcel/plugin': [ '2.10.0' ],
53 silly audit   '@parcel/profiler': [ '2.10.0' ],
53 silly audit   '@parcel/reporter-cli': [ '2.10.0' ],
53 silly audit   '@parcel/reporter-dev-server': [ '2.10.0' ],
53 silly audit   '@parcel/reporter-tracer': [ '2.10.0' ],
53 silly audit   '@parcel/resolver-default': [ '2.10.0' ],
53 silly audit   '@parcel/runtime-browser-hmr': [ '2.10.0' ],
53 silly audit   '@parcel/runtime-js': [ '2.10.0' ],
53 silly audit   '@parcel/runtime-react-refresh': [ '2.10.0' ],
53 silly audit   '@parcel/runtime-service-worker': [ '2.10.0' ],
53 silly audit   '@parcel/rust': [ '2.10.0' ],
53 silly audit   '@parcel/source-map': [ '2.1.1' ],
53 silly audit   '@parcel/transformer-babel': [ '2.10.0' ],
53 silly audit   '@parcel/transformer-css': [ '2.10.0' ],
53 silly audit   '@parcel/transformer-html': [ '2.10.0' ],
53 silly audit   '@parcel/transformer-image': [ '2.10.0' ],
53 silly audit   '@parcel/transformer-js': [ '2.10.0' ],
53 silly audit   '@parcel/transformer-json': [ '2.10.0' ],
53 silly audit   '@parcel/transformer-postcss': [ '2.10.0' ],
53 silly audit   '@parcel/transformer-posthtml': [ '2.10.0' ],
53 silly audit   '@parcel/transformer-raw': [ '2.10.0' ],
53 silly audit   '@parcel/transformer-react-refresh-wrap': [ '2.10.0' ],
53 silly audit   '@parcel/transformer-svg': [ '2.10.0' ],
53 silly audit   '@parcel/types': [ '2.10.0' ],
53 silly audit   '@parcel/utils': [ '2.10.0' ],
53 silly audit   '@parcel/watcher': [ '2.3.0' ],
53 silly audit   '@parcel/watcher-android-arm64': [ '2.3.0' ],
53 silly audit   '@parcel/watcher-darwin-arm64': [ '2.3.0' ],
53 silly audit   '@parcel/watcher-darwin-x64': [ '2.3.0' ],
53 silly audit   '@parcel/watcher-freebsd-x64': [ '2.3.0' ],
53 silly audit   '@parcel/watcher-linux-arm-glibc': [ '2.3.0' ],
53 silly audit   '@parcel/watcher-linux-arm64-glibc': [ '2.3.0' ],
53 silly audit   '@parcel/watcher-linux-arm64-musl': [ '2.3.0' ],
53 silly audit   '@parcel/watcher-linux-x64-glibc': [ '2.3.0' ],
53 silly audit   '@parcel/watcher-linux-x64-musl': [ '2.3.0' ],
53 silly audit   '@parcel/watcher-win32-arm64': [ '2.3.0' ],
53 silly audit   '@parcel/watcher-win32-ia32': [ '2.3.0' ],
53 silly audit   '@parcel/watcher-win32-x64': [ '2.3.0' ],
53 silly audit   '@parcel/workers': [ '2.10.0' ],
53 silly audit   '@swc/core': [ '1.3.93' ],
53 silly audit   '@swc/core-darwin-arm64': [ '1.3.93' ],
53 silly audit   '@swc/core-darwin-x64': [ '1.3.93' ],
53 silly audit   '@swc/core-linux-arm-gnueabihf': [ '1.3.93' ],
53 silly audit   '@swc/core-linux-arm64-gnu': [ '1.3.93' ],
53 silly audit   '@swc/core-linux-arm64-musl': [ '1.3.93' ],
53 silly audit   '@swc/core-linux-x64-gnu': [ '1.3.93' ],
53 silly audit   '@swc/core-linux-x64-musl': [ '1.3.93' ],
53 silly audit   '@swc/core-win32-arm64-msvc': [ '1.3.93' ],
53 silly audit   '@swc/core-win32-ia32-msvc': [ '1.3.93' ],
53 silly audit   '@swc/core-win32-x64-msvc': [ '1.3.93' ],
53 silly audit   '@swc/counter': [ '0.1.2' ],
53 silly audit   '@swc/helpers': [ '0.5.3' ],
53 silly audit   '@swc/types': [ '0.1.5' ],
53 silly audit   '@trysound/sax': [ '0.2.0' ],
53 silly audit   'abortcontroller-polyfill': [ '1.7.5' ],
53 silly audit   argparse: [ '2.0.1' ],
53 silly audit   'base-x': [ '3.0.9' ],
53 silly audit   boolbase: [ '1.0.0' ],
53 silly audit   braces: [ '3.0.2' ],
53 silly audit   browserslist: [ '4.22.1' ],
53 silly audit   callsites: [ '3.1.0' ],
53 silly audit   'caniuse-lite': [ '1.0.30001549' ],
53 silly audit   'chrome-trace-event': [ '1.0.3' ],
53 silly audit   clone: [ '2.1.2' ],
53 silly audit   commander: [ '7.2.0' ],
53 silly audit   cosmiconfig: [ '8.3.6' ],
53 silly audit   'dom-serializer': [ '2.0.0', '1.4.1' ],
53 silly audit   domhandler: [ '5.0.3', '4.3.1' ],
53 silly audit   domutils: [ '3.1.0', '2.8.0' ],
53 silly audit   entities: [ '4.5.0', '2.2.0', '3.0.1' ],
53 silly audit   'css-what': [ '6.1.0' ],
53 silly audit   'detect-libc': [ '1.0.3', '2.0.2' ],
53 silly audit   domelementtype: [ '2.3.0' ],
53 silly audit   dotenv: [ '7.0.0' ],
53 silly audit   'dotenv-expand': [ '5.1.0' ],
53 silly audit   'electron-to-chromium': [ '1.4.554' ],
53 silly audit   'error-ex': [ '1.3.2' ],
53 silly audit   escalade: [ '3.1.1' ],
53 silly audit   'escape-string-regexp': [ '1.0.5' ],
53 silly audit   'fill-range': [ '7.0.1' ],
53 silly audit   'get-port': [ '4.2.0' ],
53 silly audit   globals: [ '13.23.0' ],
53 silly audit   htmlnano: [ '2.0.4' ],
53 silly audit   htmlparser2: [ '7.2.0' ],
53 silly audit   'import-fresh': [ '3.3.0' ],
53 silly audit   'is-arrayish': [ '0.2.1' ],
53 silly audit   'is-extglob': [ '2.1.1' ],
53 silly audit   'is-glob': [ '4.0.3' ],
53 silly audit   'is-json': [ '2.0.1' ],
53 silly audit   'is-number': [ '7.0.0' ],
53 silly audit   'js-tokens': [ '4.0.0' ],
53 silly audit   'js-yaml': [ '4.1.0' ],
53 silly audit   'json-parse-even-better-errors': [ '2.3.1' ],
53 silly audit   json5: [ '2.2.3' ],
53 silly audit   lightningcss: [ '1.22.0' ],
53 silly audit   'lightningcss-darwin-arm64': [ '1.22.0' ],
53 silly audit   'lightningcss-darwin-x64': [ '1.22.0' ],
53 silly audit   'lightningcss-freebsd-x64': [ '1.22.0' ],
53 silly audit   'lightningcss-linux-arm-gnueabihf': [ '1.22.0' ],
53 silly audit   'lightningcss-linux-arm64-gnu': [ '1.22.0' ],
53 silly audit   'lightningcss-linux-arm64-musl': [ '1.22.0' ],
53 silly audit   'lightningcss-linux-x64-gnu': [ '1.22.0' ],
53 silly audit   'lightningcss-linux-x64-musl': [ '1.22.0' ],
53 silly audit   'lightningcss-win32-x64-msvc': [ '1.22.0' ],
53 silly audit   'lines-and-columns': [ '1.2.4' ],
53 silly audit   lmdb: [ '2.8.5' ],
53 silly audit   'node-addon-api': [ '6.1.0', '7.0.0' ],
53 silly audit   'lru-cache': [ '6.0.0' ],
53 silly audit   micromatch: [ '4.0.5' ],
53 silly audit   msgpackr: [ '1.9.9' ],
53 silly audit   'msgpackr-extract': [ '3.0.2' ],
53 silly audit   'node-gyp-build-optional-packages': [ '5.0.7', '5.1.1' ],
53 silly audit   'node-releases': [ '2.0.13' ],
53 silly audit   'nth-check': [ '2.1.1' ],
53 silly audit   nullthrows: [ '1.1.1' ],
53 silly audit   'ordered-binary': [ '1.4.1' ],
53 silly audit   parcel: [ '2.10.0' ],
53 silly audit   'parent-module': [ '1.0.1' ],
53 silly audit   'parse-json': [ '5.2.0' ],
53 silly audit   'path-type': [ '4.0.0' ],
53 silly audit   picocolors: [ '1.0.0' ],
53 silly audit   picomatch: [ '2.3.1' ],
53 silly audit   'postcss-value-parser': [ '4.2.0' ],
53 silly audit   posthtml: [ '0.16.6' ],
53 silly audit   'posthtml-doctype': [ '1.1.1' ],
53 silly audit   'posthtml-parser': [ '0.10.2', '0.11.0' ],
53 silly audit   'posthtml-render': [ '3.0.0' ],
53 silly audit   'react-error-overlay': [ '6.0.9' ],
53 silly audit   'react-refresh': [ '0.9.0' ],
53 silly audit   'regenerator-runtime': [ '0.13.11' ],
53 silly audit   'resolve-from': [ '4.0.0' ],
53 silly audit   'safe-buffer': [ '5.2.1' ],
53 silly audit   semver: [ '7.5.4' ],
53 silly audit   'source-map': [ '0.6.1' ],
53 silly audit   'source-map-js': [ '1.0.2' ],
53 silly audit   srcset: [ '4.0.0' ],
53 silly audit   stable: [ '0.1.8' ],
53 silly audit   'term-size': [ '2.2.1' ],
53 silly audit   timsort: [ '0.3.0' ],
53 silly audit   'to-regex-range': [ '5.0.1' ],
53 silly audit   tslib: [ '2.6.2' ],
53 silly audit   'type-fest': [ '0.20.2' ],
53 silly audit   'update-browserslist-db': [ '1.0.13' ],
53 silly audit   'utility-types': [ '3.10.0' ],
53 silly audit   'weak-lru-cache': [ '1.2.2' ],
53 silly audit   yallist: [ '4.0.0' ],
53 silly audit   '@parcel/transformer-inline-string': [ '2.10.0' ]
53 silly audit }
54 verbose reify failed optional dependency /home/adduser/Dark/node_modules/lightningcss-win32-x64-msvc
55 silly reify mark deleted [ '/home/adduser/Dark/node_modules/lightningcss-win32-x64-msvc' ]
56 verbose reify failed optional dependency /home/adduser/Dark/node_modules/lightningcss-linux-arm64-musl
57 silly reify mark deleted [ '/home/adduser/Dark/node_modules/lightningcss-linux-arm64-musl' ]
58 verbose reify failed optional dependency /home/adduser/Dark/node_modules/lightningcss-linux-arm64-gnu
59 silly reify mark deleted [ '/home/adduser/Dark/node_modules/lightningcss-linux-arm64-gnu' ]
60 verbose reify failed optional dependency /home/adduser/Dark/node_modules/lightningcss-linux-arm-gnueabihf
61 silly reify mark deleted [ '/home/adduser/Dark/node_modules/lightningcss-linux-arm-gnueabihf' ]
62 verbose reify failed optional dependency /home/adduser/Dark/node_modules/lightningcss-freebsd-x64
63 silly reify mark deleted [ '/home/adduser/Dark/node_modules/lightningcss-freebsd-x64' ]
64 verbose reify failed optional dependency /home/adduser/Dark/node_modules/lightningcss-darwin-x64
65 silly reify mark deleted [ '/home/adduser/Dark/node_modules/lightningcss-darwin-x64' ]
66 verbose reify failed optional dependency /home/adduser/Dark/node_modules/lightningcss-darwin-arm64
67 silly reify mark deleted [ '/home/adduser/Dark/node_modules/lightningcss-darwin-arm64' ]
68 verbose reify failed optional dependency /home/adduser/Dark/node_modules/@swc/core-win32-x64-msvc
69 silly reify mark deleted [ '/home/adduser/Dark/node_modules/@swc/core-win32-x64-msvc' ]
70 verbose reify failed optional dependency /home/adduser/Dark/node_modules/@swc/core-win32-ia32-msvc
71 silly reify mark deleted [ '/home/adduser/Dark/node_modules/@swc/core-win32-ia32-msvc' ]
72 verbose reify failed optional dependency /home/adduser/Dark/node_modules/@swc/core-win32-arm64-msvc
73 silly reify mark deleted [ '/home/adduser/Dark/node_modules/@swc/core-win32-arm64-msvc' ]
74 verbose reify failed optional dependency /home/adduser/Dark/node_modules/@swc/core-linux-arm64-musl
75 silly reify mark deleted [ '/home/adduser/Dark/node_modules/@swc/core-linux-arm64-musl' ]
76 verbose reify failed optional dependency /home/adduser/Dark/node_modules/@swc/core-linux-arm64-gnu
77 silly reify mark deleted [ '/home/adduser/Dark/node_modules/@swc/core-linux-arm64-gnu' ]
78 verbose reify failed optional dependency /home/adduser/Dark/node_modules/@swc/core-linux-arm-gnueabihf
79 silly reify mark deleted [ '/home/adduser/Dark/node_modules/@swc/core-linux-arm-gnueabihf' ]
80 verbose reify failed optional dependency /home/adduser/Dark/node_modules/@swc/core-darwin-x64
81 silly reify mark deleted [ '/home/adduser/Dark/node_modules/@swc/core-darwin-x64' ]
82 verbose reify failed optional dependency /home/adduser/Dark/node_modules/@swc/core-darwin-arm64
83 silly reify mark deleted [ '/home/adduser/Dark/node_modules/@swc/core-darwin-arm64' ]
84 verbose reify failed optional dependency /home/adduser/Dark/node_modules/@parcel/watcher-win32-x64
85 silly reify mark deleted [ '/home/adduser/Dark/node_modules/@parcel/watcher-win32-x64' ]
86 verbose reify failed optional dependency /home/adduser/Dark/node_modules/@parcel/watcher-win32-ia32
87 silly reify mark deleted [ '/home/adduser/Dark/node_modules/@parcel/watcher-win32-ia32' ]
88 verbose reify failed optional dependency /home/adduser/Dark/node_modules/@parcel/watcher-win32-arm64
89 silly reify mark deleted [ '/home/adduser/Dark/node_modules/@parcel/watcher-win32-arm64' ]
90 verbose reify failed optional dependency /home/adduser/Dark/node_modules/@parcel/watcher-linux-arm64-musl
91 silly reify mark deleted [ '/home/adduser/Dark/node_modules/@parcel/watcher-linux-arm64-musl' ]
92 verbose reify failed optional dependency /home/adduser/Dark/node_modules/@parcel/watcher-linux-arm64-glibc
93 silly reify mark deleted [ '/home/adduser/Dark/node_modules/@parcel/watcher-linux-arm64-glibc' ]
94 verbose reify failed optional dependency /home/adduser/Dark/node_modules/@parcel/watcher-linux-arm-glibc
95 silly reify mark deleted [ '/home/adduser/Dark/node_modules/@parcel/watcher-linux-arm-glibc' ]
96 verbose reify failed optional dependency /home/adduser/Dark/node_modules/@parcel/watcher-freebsd-x64
97 silly reify mark deleted [ '/home/adduser/Dark/node_modules/@parcel/watcher-freebsd-x64' ]
98 verbose reify failed optional dependency /home/adduser/Dark/node_modules/@parcel/watcher-darwin-x64
99 silly reify mark deleted [ '/home/adduser/Dark/node_modules/@parcel/watcher-darwin-x64' ]
100 verbose reify failed optional dependency /home/adduser/Dark/node_modules/@parcel/watcher-darwin-arm64
101 silly reify mark deleted [ '/home/adduser/Dark/node_modules/@parcel/watcher-darwin-arm64' ]
102 verbose reify failed optional dependency /home/adduser/Dark/node_modules/@parcel/watcher-android-arm64
103 silly reify mark deleted [ '/home/adduser/Dark/node_modules/@parcel/watcher-android-arm64' ]
104 verbose reify failed optional dependency /home/adduser/Dark/node_modules/@msgpackr-extract/msgpackr-extract-win32-x64
105 silly reify mark deleted [
105 silly reify   '/home/adduser/Dark/node_modules/@msgpackr-extract/msgpackr-extract-win32-x64'
105 silly reify ]
106 verbose reify failed optional dependency /home/adduser/Dark/node_modules/@msgpackr-extract/msgpackr-extract-linux-arm64
107 silly reify mark deleted [
107 silly reify   '/home/adduser/Dark/node_modules/@msgpackr-extract/msgpackr-extract-linux-arm64'
107 silly reify ]
108 verbose reify failed optional dependency /home/adduser/Dark/node_modules/@msgpackr-extract/msgpackr-extract-linux-arm
109 silly reify mark deleted [
109 silly reify   '/home/adduser/Dark/node_modules/@msgpackr-extract/msgpackr-extract-linux-arm'
109 silly reify ]
110 verbose reify failed optional dependency /home/adduser/Dark/node_modules/@msgpackr-extract/msgpackr-extract-darwin-x64
111 silly reify mark deleted [
111 silly reify   '/home/adduser/Dark/node_modules/@msgpackr-extract/msgpackr-extract-darwin-x64'
111 silly reify ]
112 verbose reify failed optional dependency /home/adduser/Dark/node_modules/@msgpackr-extract/msgpackr-extract-darwin-arm64
113 silly reify mark deleted [
113 silly reify   '/home/adduser/Dark/node_modules/@msgpackr-extract/msgpackr-extract-darwin-arm64'
113 silly reify ]
114 verbose reify failed optional dependency /home/adduser/Dark/node_modules/@lmdb/lmdb-win32-x64
115 silly reify mark deleted [ '/home/adduser/Dark/node_modules/@lmdb/lmdb-win32-x64' ]
116 verbose reify failed optional dependency /home/adduser/Dark/node_modules/@lmdb/lmdb-linux-arm64
117 silly reify mark deleted [ '/home/adduser/Dark/node_modules/@lmdb/lmdb-linux-arm64' ]
118 verbose reify failed optional dependency /home/adduser/Dark/node_modules/@lmdb/lmdb-linux-arm
119 silly reify mark deleted [ '/home/adduser/Dark/node_modules/@lmdb/lmdb-linux-arm' ]
120 verbose reify failed optional dependency /home/adduser/Dark/node_modules/@lmdb/lmdb-darwin-x64
121 silly reify mark deleted [ '/home/adduser/Dark/node_modules/@lmdb/lmdb-darwin-x64' ]
122 verbose reify failed optional dependency /home/adduser/Dark/node_modules/@lmdb/lmdb-darwin-arm64
123 silly reify mark deleted [ '/home/adduser/Dark/node_modules/@lmdb/lmdb-darwin-arm64' ]
124 timing reifyNode:node_modules/lightningcss-win32-x64-msvc Completed in 11ms
125 timing reifyNode:node_modules/lightningcss-linux-arm64-musl Completed in 11ms
126 timing reifyNode:node_modules/lightningcss-linux-arm64-gnu Completed in 12ms
127 timing reifyNode:node_modules/lightningcss-linux-arm-gnueabihf Completed in 12ms
128 timing reifyNode:node_modules/lightningcss-freebsd-x64 Completed in 12ms
129 timing reifyNode:node_modules/lightningcss-darwin-x64 Completed in 12ms
130 timing reifyNode:node_modules/lightningcss-darwin-arm64 Completed in 12ms
131 timing reifyNode:node_modules/@swc/core-win32-x64-msvc Completed in 12ms
132 timing reifyNode:node_modules/@swc/core-win32-ia32-msvc Completed in 11ms
133 timing reifyNode:node_modules/@swc/core-win32-arm64-msvc Completed in 11ms
134 timing reifyNode:node_modules/@swc/core-linux-arm64-musl Completed in 11ms
135 timing reifyNode:node_modules/@swc/core-linux-arm64-gnu Completed in 11ms
136 timing reifyNode:node_modules/@swc/core-linux-arm-gnueabihf Completed in 11ms
137 timing reifyNode:node_modules/@swc/core-darwin-x64 Completed in 11ms
138 timing reifyNode:node_modules/@swc/core-darwin-arm64 Completed in 11ms
139 timing reifyNode:node_modules/@parcel/watcher-win32-x64 Completed in 11ms
140 timing reifyNode:node_modules/@parcel/watcher-win32-ia32 Completed in 11ms
141 timing reifyNode:node_modules/@parcel/watcher-win32-arm64 Completed in 11ms
142 timing reifyNode:node_modules/@parcel/watcher-linux-arm64-musl Completed in 11ms
143 timing reifyNode:node_modules/@parcel/watcher-linux-arm64-glibc Completed in 12ms
144 timing reifyNode:node_modules/@parcel/watcher-linux-arm-glibc Completed in 12ms
145 timing reifyNode:node_modules/@parcel/watcher-freebsd-x64 Completed in 12ms
146 timing reifyNode:node_modules/@parcel/watcher-darwin-x64 Completed in 12ms
147 timing reifyNode:node_modules/@parcel/watcher-darwin-arm64 Completed in 12ms
148 timing reifyNode:node_modules/@parcel/watcher-android-arm64 Completed in 12ms
149 timing reifyNode:node_modules/@msgpackr-extract/msgpackr-extract-win32-x64 Completed in 11ms
150 timing reifyNode:node_modules/@msgpackr-extract/msgpackr-extract-linux-arm64 Completed in 11ms
151 timing reifyNode:node_modules/@msgpackr-extract/msgpackr-extract-linux-arm Completed in 11ms
152 timing reifyNode:node_modules/@msgpackr-extract/msgpackr-extract-darwin-x64 Completed in 11ms
153 timing reifyNode:node_modules/@msgpackr-extract/msgpackr-extract-darwin-arm64 Completed in 11ms
154 timing reifyNode:node_modules/@lmdb/lmdb-win32-x64 Completed in 11ms
155 timing reifyNode:node_modules/@lmdb/lmdb-linux-arm64 Completed in 11ms
156 timing reifyNode:node_modules/@lmdb/lmdb-linux-arm Completed in 11ms
157 timing reifyNode:node_modules/@lmdb/lmdb-darwin-x64 Completed in 11ms
158 timing reifyNode:node_modules/@lmdb/lmdb-darwin-arm64 Completed in 11ms
159 silly tarball no local data for @parcel/transformer-inline-string@https://registry.npmjs.org/@parcel/transformer-inline-string/-/transformer-inline-string-2.10.0.tgz. Extracting by manifest.
160 timing reifyNode:node_modules/browserslist Completed in 36ms
161 http fetch POST 200 https://registry.npmjs.org/-/npm/v1/security/advisories/bulk 969ms
162 timing auditReport:getReport Completed in 973ms
163 silly audit report {}
164 timing auditReport:init Completed in 0ms
165 timing reify:audit Completed in 974ms
166 http fetch GET 200 https://registry.npmjs.org/@parcel/transformer-inline-string/-/transformer-inline-string-2.10.0.tgz 1667ms (cache miss)
167 timing reifyNode:node_modules/@parcel/transformer-inline-string Completed in 1689ms
168 timing reify:unpack Completed in 1689ms
169 timing reify:unretire Completed in 0ms
170 timing build:queue Completed in 3ms
171 timing build:link:node_modules/browserslist Completed in 3ms
172 timing build:link Completed in 3ms
173 timing build:deps Completed in 6ms
174 timing build Completed in 7ms
175 timing reify:build Completed in 8ms
176 timing reify:trash Completed in 8ms
177 timing reify:save Completed in 93ms
178 timing reify Completed in 3486ms
179 silly ADD node_modules/@parcel/transformer-inline-string
180 silly ADD
181 silly ADD
182 silly ADD
183 silly ADD
184 silly ADD
185 silly ADD
186 silly ADD
187 silly ADD
188 silly ADD
189 silly ADD
190 silly ADD
191 silly ADD
192 silly ADD
193 silly ADD
194 silly ADD
195 silly ADD
196 silly ADD
197 silly ADD
198 silly ADD
199 silly ADD
200 silly ADD
201 silly ADD
202 silly ADD
203 silly ADD
204 silly ADD
205 silly ADD
206 silly ADD
207 silly ADD
208 silly ADD
209 silly ADD
210 silly ADD
211 silly ADD
212 silly ADD
213 silly ADD
214 silly ADD
215 silly CHANGE node_modules/browserslist
216 timing command:i Completed in 3495ms
217 verbose exit 0
218 timing npm Completed in 3951ms
219 info ok
